0 info it worked if it ends with ok
1 verbose cli [ '/usr/local/Cellar/node/7.3.0/bin/node',
1 verbose cli   '/usr/local/bin/npm',
1 verbose cli   'start',
1 verbose cli   '--',
1 verbose cli   '--reset-cache' ]
2 info using npm@3.10.10
3 info using node@v7.3.0
4 verbose run-script [ 'prestart', 'start', 'poststart' ]
5 info lifecycle MyAppointment@2.0.0~prestart: MyAppointment@2.0.0
6 silly lifecycle MyAppointment@2.0.0~prestart: no script for prestart, continuing
7 info lifecycle MyAppointment@2.0.0~start: MyAppointment@2.0.0
8 verbose lifecycle MyAppointment@2.0.0~start: unsafe-perm in lifecycle true
9 verbose lifecycle MyAppointment@2.0.0~start: PATH: /usr/local/lib/node_modules/npm/bin/node-gyp-bin:/Users/estebanmuruzabal/work/my-appointment/node_modules/.bin:/usr/local/Cellar/node/7.3.0/bin:/usr/local/bin:/usr/bin:/bin:/usr/sbin:/sbin
10 verbose lifecycle MyAppointment@2.0.0~start: CWD: /Users/estebanmuruzabal/work/my-appointment
11 silly lifecycle MyAppointment@2.0.0~start: Args: [ '-c', 'react-native start "--reset-cache"' ]
12 silly lifecycle MyAppointment@2.0.0~start: Returned: code: 11  signal: null
13 info lifecycle MyAppointment@2.0.0~start: Failed to exec start script
14 verbose stack Error: MyAppointment@2.0.0 start: `react-native start "--reset-cache"`
14 verbose stack Exit status 11
14 verbose stack     at EventEmitter.<anonymous> (/usr/local/lib/node_modules/npm/lib/utils/lifecycle.js:255:16)
14 verbose stack     at emitTwo (events.js:106:13)
14 verbose stack     at EventEmitter.emit (events.js:191:7)
14 verbose stack     at ChildProcess.<anonymous> (/usr/local/lib/node_modules/npm/lib/utils/spawn.js:40:14)
14 verbose stack     at emitTwo (events.js:106:13)
14 verbose stack     at ChildProcess.emit (events.js:191:7)
14 verbose stack     at maybeClose (internal/child_process.js:885:16)
14 verbose stack     at Process.ChildProcess._handle.onexit (internal/child_process.js:226:5)
15 verbose pkgid MyAppointment@2.0.0
16 verbose cwd /Users/estebanmuruzabal/work/my-appointment
17 error Darwin 15.6.0
18 error argv "/usr/local/Cellar/node/7.3.0/bin/node" "/usr/local/bin/npm" "start" "--" "--reset-cache"
19 error node v7.3.0
20 error npm  v3.10.10
21 error code ELIFECYCLE
22 error MyAppointment@2.0.0 start: `react-native start "--reset-cache"`
22 error Exit status 11
23 error Failed at the MyAppointment@2.0.0 start script 'react-native start "--reset-cache"'.
23 error Make sure you have the latest version of node.js and npm installed.
23 error If you do, this is most likely a problem with the MyAppointment package,
23 error not with npm itself.
23 error Tell the author that this fails on your system:
23 error     react-native start "--reset-cache"
23 error You can get information on how to open an issue for this project with:
23 error     npm bugs MyAppointment
23 error Or if that isn't available, you can get their info via:
23 error     npm owner ls MyAppointment
23 error There is likely additional logging output above.
24 verbose exit [ 1, true ]
